Platform: MacOS
App version: 3.3.0
OS version: Unix 21.6.0.0
OS description: Unix 21.6.0.0
2023-06-28 09:44:50.678 -07:00 [INF] Logger initialized
2023-06-28 09:44:51.720 -07:00 [INF] Loading attributes file from /Users/wadhwlr/.config/AWSVPNClient/MetricsAttributes
2023-06-28 09:44:51.921 -07:00 [DBG] Metrics attributes saved to file: /Users/wadhwlr/.config/AWSVPNClient/MetricsAttributes
2023-06-28 09:44:51.922 -07:00 [DBG] Database path: /Users/wadhwlr/.config/AWSVPNClient/awsvpnclientmetrics.db
2023-06-28 09:44:51.923 -07:00 [INF] Loading profile store from /Users/wadhwlr/.config/AWSVPNClient/ConnectionProfiles
2023-06-28 09:44:51.973 -07:00 [INF] Saving profile store to /Users/wadhwlr/.config/AWSVPNClient/ConnectionProfiles
2023-06-28 09:44:52.006 -07:00 [DBG] Auto culture: en-US Auto UI culture: en-US
2023-06-28 09:44:52.011 -07:00 [DBG] Can successfully read and write app data folder.
2023-06-28 09:44:52.015 -07:00 [DBG] helperToolExePath: /Applications/AWS VPN Client/AWS VPN Client.app/Contents/Resources/AWS VPN Client/Contents/MacOS/ACVCHelperTool
2023-06-28 09:44:52.561 -07:00 [DBG] macOS viewDidLoad
2023-06-28 09:44:52.579 -07:00 [INF] Loading preferences file from /Users/wadhwlr/.config/AWSVPNClient/Preferences
2023-06-28 09:44:52.824 -07:00 [DBG] Inserted event UI_APP_VPN_CONNECT_GENERAL_ERROR 0 to MetricsTable
2023-06-28 09:44:53.059 -07:00 [DBG] Inserted event APPLICATION_CRASH_DETECTED 0 to MetricsTable
2023-06-28 09:44:53.066 -07:00 [DBG] Current preferences schema version is 1, which is less or equal to current supported version: 1. 
2023-06-28 09:44:53.085 -07:00 [DBG] Metric agent started
2023-06-28 09:44:53.095 -07:00 [DBG] Sending Metrics batches
2023-06-28 09:44:53.108 -07:00 [DBG] Checking if table MetricsTable is empty
2023-06-28 09:44:53.123 -07:00 [DBG] is empty: False
2023-06-28 09:44:53.200 -07:00 [DBG] Metrics event batch successfully created, sending metrics
2023-06-28 09:44:53.282 -07:00 [DBG] Inserted event PROFILE_CONFIGURATION_VERSION 1 to AnalyticsTable
2023-06-28 09:44:53.284 -07:00 [DBG] Current metadata schema version is 1, which is less or equal to current supported version: 1. 
2023-06-28 09:44:53.289 -07:00 [DBG] Inserted event CLICK_LAUNCH_DESKTOP_APP 1 to AnalyticsTable
2023-06-28 09:44:53.295 -07:00 [DBG] Updater checks started
2023-06-28 09:44:53.316 -07:00 [DBG] Directory of up and down scripts /Library/Application Support/AWSVPNClient doesn't exist. Skipping
2023-06-28 09:44:53.329 -07:00 [DBG] Total logs size (MB): {0}0
2023-06-28 09:44:53.334 -07:00 [DBG] Inserted event LOG_DISK_USAGE 0 to MetricsTable
2023-06-28 09:44:53.341 -07:00 [DBG] /usr/bin/dig stdout: ; <<>> DiG 9.10.6 <<>> pinpoint.metrics-awsvpnclient.us-east-1.amazonaws.com
;; global options: +cmd
;; Got answer:
;; ->>HEADER<<- opcode: QUERY, status: NOERROR, id: 27822
;; flags: qr rd ra; QUERY: 1, ANSWER: 5, AUTHORITY: 0, ADDITIONAL: 1
;; OPT PSEUDOSECTION:
; EDNS: version: 0, flags:; udp: 1232
;; QUESTION SECTION:
;pinpoint.metrics-awsvpnclient.us-east-1.amazonaws.com. IN A
;; ANSWER SECTION:
pinpoint.metrics-awsvpnclient.us-east-1.amazonaws.com. 900 IN CNAME pinpoint.us-west-2.amazonaws.com.
pinpoint.us-west-2.amazonaws.com. 60 IN	A	18.239.199.14
pinpoint.us-west-2.amazonaws.com. 60 IN	A	18.239.199.86
pinpoint.us-west-2.amazonaws.com. 60 IN	A	18.239.199.102
pinpoint.us-west-2.amazonaws.com. 60 IN	A	18.239.199.66
;; Query time: 30 msec
;; SERVER: 192.168.1.1#53(192.168.1.1)
;; WHEN: Wed Jun 28 09:44:53 PDT 2023
;; MSG SIZE  rcvd: 192

2023-06-28 09:44:53.342 -07:00 [DBG] /usr/bin/dig stderr: 
2023-06-28 09:44:53.342 -07:00 [DBG] Inserted event LOG_DISK_USAGE_INFO 0 to AnalyticsTable
2023-06-28 09:44:53.349 -07:00 [DBG] /usr/bin/dig exit code: 0
2023-06-28 09:44:53.351 -07:00 [DBG] Error: 
2023-06-28 09:44:53.357 -07:00 [DBG] dig command result: pinpoint.us-west-2.amazonaws.com.
2023-06-28 09:44:53.420 -07:00 [DBG] Storing metrics region us-west-2 in app
2023-06-28 09:44:53.420 -07:00 [DBG] metrics region already exists in app: us-west-2
2023-06-28 09:44:53.421 -07:00 [DBG] metrics region already exists in app: us-west-2
2023-06-28 09:44:53.421 -07:00 [DBG] metrics region already exists in app: us-west-2
2023-06-28 09:44:53.422 -07:00 [DBG] metrics region already exists in app: us-west-2
2023-06-28 09:44:53.910 -07:00 [DBG] Fetching cached identity id.
2023-06-28 09:44:53.912 -07:00 [DBG] Looking up current region
2023-06-28 09:44:53.914 -07:00 [DBG] Current region is: us-west-2
2023-06-28 09:44:53.914 -07:00 [DBG] Setting identityId and temporaryCredentials file paths.
2023-06-28 09:44:53.918 -07:00 [DBG] Caching identity id.
2023-06-28 09:44:53.920 -07:00 [DBG] Fetching cached credentials.
2023-06-28 09:44:53.921 -07:00 [DBG] Reading cached credentials file.
2023-06-28 09:44:53.943 -07:00 [DBG] Initializing credentials provider.
2023-06-28 09:44:53.947 -07:00 [DBG] Sending metrics batch async
2023-06-28 09:44:53.949 -07:00 [DBG] OS: MacOS
2023-06-28 09:44:53.950 -07:00 [DBG] OS: MacOS
2023-06-28 09:44:53.950 -07:00 [DBG] OS: MacOS
2023-06-28 09:44:53.950 -07:00 [DBG] OS: MacOS
2023-06-28 09:44:53.950 -07:00 [DBG] OS: MacOS
2023-06-28 09:44:53.952 -07:00 [DBG] Metrics data request created
2023-06-28 09:44:54.272 -07:00 [DBG] Sending Analytics Batches
2023-06-28 09:44:54.278 -07:00 [DBG] Checking if table AnalyticsTable is empty
2023-06-28 09:44:54.279 -07:00 [DBG] is empty: False
2023-06-28 09:44:54.282 -07:00 [DBG] Analytics event batch successfully created, sending analytics
2023-06-28 09:44:54.289 -07:00 [DBG] Sending analytics batch async
2023-06-28 09:44:54.290 -07:00 [DBG] metrics region already exists in app: us-west-2
2023-06-28 09:44:54.291 -07:00 [DBG] Pinpoint endpoint ID already exists
2023-06-28 09:44:54.292 -07:00 [DBG] OSVersion: Unix 21.6.0.0
2023-06-28 09:44:54.293 -07:00 [DBG] OS: MacOS
2023-06-28 09:44:54.294 -07:00 [DBG] Endpoint ID: us-west-2:591ee711-2ee1-484d-8cae-d1e18af38353
2023-06-28 09:44:54.294 -07:00 [DBG] Pinpoint endpoint id: us-west-2:591ee711-2ee1-484d-8cae-d1e18af38353
2023-06-28 09:44:54.301 -07:00 [DBG] metrics region already exists in app: us-west-2
2023-06-28 09:44:54.309 -07:00 [DBG] OS: MacOS
2023-06-28 09:44:54.319 -07:00 [DBG] OS: MacOS
2023-06-28 09:44:54.319 -07:00 [DBG] OS: MacOS
2023-06-28 09:44:54.321 -07:00 [DBG] metrics region already exists in app: us-west-2
2023-06-28 09:44:54.321 -07:00 [DBG] metrics region already exists in app: us-west-2
2023-06-28 09:44:54.322 -07:00 [DBG] metrics region already exists in app: us-west-2
2023-06-28 09:44:54.568 -07:00 [DBG] Caching credentials.
2023-06-28 09:44:54.956 -07:00 [DBG] CloudWatch response received
2023-06-28 09:44:54.957 -07:00 [DBG] CloudWatch response status code: OK
2023-06-28 09:44:54.957 -07:00 [DBG] successfully put metrics to cloudwatch
2023-06-28 09:44:54.958 -07:00 [DBG] Deleting successfully sent batch of metric events
2023-06-28 09:44:54.966 -07:00 [DBG] 6/28/2023 9:44:54 AM Accepted
2023-06-28 09:44:54.966 -07:00 [DBG] successfully put analytics to pinpoint
2023-06-28 09:44:54.969 -07:00 [DBG] Events batch was accepted. Checking individual events for accepted status.
2023-06-28 09:44:54.969 -07:00 [DBG] Checking if table MetricsTable is empty
2023-06-28 09:44:54.969 -07:00 [DBG] is empty: False
2023-06-28 09:44:54.971 -07:00 [DBG] Metrics event batch successfully created, sending metrics
2023-06-28 09:44:54.971 -07:00 [DBG] metrics region already exists in app: us-west-2
2023-06-28 09:44:54.971 -07:00 [DBG] Sending metrics batch async
2023-06-28 09:44:54.971 -07:00 [DBG] OS: MacOS
2023-06-28 09:44:54.971 -07:00 [DBG] Metrics data request created
2023-06-28 09:44:54.978 -07:00 [DBG] Checking if table AnalyticsTable is empty
2023-06-28 09:44:54.978 -07:00 [DBG] is empty: True
2023-06-28 09:44:54.978 -07:00 [DBG] Finished sending batches of analytics to pinpoint.
2023-06-28 09:44:55.109 -07:00 [DBG] CloudWatch response received
2023-06-28 09:44:55.109 -07:00 [DBG] CloudWatch response status code: OK
2023-06-28 09:44:55.109 -07:00 [DBG] successfully put metrics to cloudwatch
2023-06-28 09:44:55.109 -07:00 [DBG] Deleting successfully sent batch of metric events
2023-06-28 09:44:55.112 -07:00 [DBG] Checking if table MetricsTable is empty
2023-06-28 09:44:55.112 -07:00 [DBG] is empty: True
2023-06-28 09:44:55.112 -07:00 [DBG] Finished sending batches of metrics to cloudwatch.
2023-06-28 09:47:37.100 -07:00 [DBG] Inserted event CLICK_TRAY_ICON 1 to AnalyticsTable
2023-06-28 09:47:37.124 -07:00 [DBG] Inserted event CLICK_TRAY_CONNECT 1 to AnalyticsTable
2023-06-28 09:47:37.142 -07:00 [INF] Connecting /Users/wadhwlr/.config/AWSVPNClient/OpenVpnConfigs/dev 
2023-06-28 09:47:37.154 -07:00 [DBG] validationString: /Users/wadhwlr/.config/AWSVPNClient/OpenVpnConfigs/dev
1687970867
2023-06-28 09:47:37.165 -07:00 [DBG] Inserted event UI_APP_VPN_CONNECT_ATTEMPT 1 to AnalyticsTable
2023-06-28 09:47:37.166 -07:00 [DBG] Shutting down metrics agent
2023-06-28 09:47:37.169 -07:00 [DBG] Metrics agent shut down
2023-06-28 09:47:37.174 -07:00 [DBG] Inserted event UI_APP_VPN_CONNECT_GENERAL_ERROR 0 to MetricsTable
2023-06-28 09:47:37.463 -07:00 [INF] Starting OpenVpn process
2023-06-28 09:47:37.470 -07:00 [DBG] Starting process
2023-06-28 09:47:37.576 -07:00 [DBG] Start to read process output
2023-06-28 09:47:38.033 -07:00 [DBG] End reading process output
2023-06-28 09:47:38.096 -07:00 [DBG] Helper app --init output: Kill success.
2023-06-28 09:47:38.098 -07:00 [DBG] Connecting using command /Applications/AWS VPN Client/AWS VPN Client.app/Contents/Resources/AWS VPN Client/Contents/MacOS/ACVCHelperTool --start
2023-06-28 09:47:38.099 -07:00 [DBG] Starting process
2023-06-28 09:47:38.143 -07:00 [DBG] Start to read process output
2023-06-28 09:47:38.298 -07:00 [DBG] End reading process output
2023-06-28 09:47:38.356 -07:00 [DBG] Helper app --start output: validation failed
2023-06-28 09:47:38.388 -07:00 [DBG] DeDupeProcessDiedSignals: The client failed to connect.
2023-06-28 09:47:38.390 -07:00 [WRN] Acs did not stop correctly!
2023-06-28 09:47:38.392 -07:00 [ERR] Process died signal sent
ACVC.Core.OpenVpn.OvpnProcessFailedToStartException: The client failed to connect.
  at ACVC.Core.OpenVpn.OvpnOsxProcessManager.Start (System.String openVpnConfigPath, System.String managementPortPasswordFile, System.Int32 timeoutMilliseconds) [0x00346] in <839fd5ab8f4b4389aa33b3f9b2f7dcd1>:0 
  at ACVC.Core.OpenVpn.OvpnConnectionManager.Connect (ACVC.Core.Metadata.OvpnConnectionProfile configProfile, ACVC.Core.GetCredentialsCallback getCredentialsCallback, System.Int32 timeout) [0x0020f] in <839fd5ab8f4b4389aa33b3f9b2f7dcd1>:0 
2023-06-28 09:47:38.411 -07:00 [DBG] Stopping DNS monitoring thread
2023-06-28 09:47:38.411 -07:00 [DBG] Releasing DNS monitoring lock
2023-06-28 09:47:38.412 -07:00 [DBG] Metric agent started
2023-06-28 09:47:38.412 -07:00 [DBG] Sending Metrics batches
2023-06-28 09:47:38.414 -07:00 [DBG] Received exception for connection state Disconnected. Show error message to user
2023-06-28 09:47:38.415 -07:00 [DBG] Checking if table MetricsTable is empty
2023-06-28 09:47:38.415 -07:00 [ERR] Exception recieved by connection view controller
ACVC.Core.OpenVpn.OvpnProcessDiedException: The VPN process has stopped unexpectedly.
2023-06-28 09:47:38.415 -07:00 [DBG] is empty: False
2023-06-28 09:47:38.417 -07:00 [DBG] Metrics event batch successfully created, sending metrics
2023-06-28 09:47:38.418 -07:00 [DBG] metrics region already exists in app: us-west-2
2023-06-28 09:47:38.418 -07:00 [DBG] Sending metrics batch async
2023-06-28 09:47:38.418 -07:00 [DBG] OS: MacOS
2023-06-28 09:47:38.418 -07:00 [DBG] Metrics data request created
2023-06-28 09:47:38.419 -07:00 [DBG] Inserted event UI_APP_VPN_CONNECT_GENERAL_ERROR 1 to MetricsTable
2023-06-28 09:47:38.421 -07:00 [DBG] Sending Analytics Batches
2023-06-28 09:47:38.463 -07:00 [DBG] Inserted event UI_APP_VPN_CONNECT_GENERAL_ERROR 1 to AnalyticsTable
2023-06-28 09:47:38.467 -07:00 [DBG] Inserted event UI_APP_VPN_CONNECT_ATTEMPT_FAIL_VPN_PROCESS_DIED 1 to MetricsTable
2023-06-28 09:47:38.469 -07:00 [DBG] Inserted event UI_APP_VPN_CONNECT_ATTEMPT_FAIL_VPN_PROCESS_DIED 1 to AnalyticsTable
2023-06-28 09:47:38.470 -07:00 [DBG] Checking if table AnalyticsTable is empty
2023-06-28 09:47:38.470 -07:00 [DBG] is empty: False
2023-06-28 09:47:38.471 -07:00 [DBG] Analytics event batch successfully created, sending analytics
2023-06-28 09:47:38.472 -07:00 [DBG] Sending analytics batch async
2023-06-28 09:47:38.472 -07:00 [DBG] metrics region already exists in app: us-west-2
2023-06-28 09:47:38.472 -07:00 [DBG] Pinpoint endpoint ID already exists
2023-06-28 09:47:38.472 -07:00 [DBG] OSVersion: Unix 21.6.0.0
2023-06-28 09:47:38.472 -07:00 [DBG] OS: MacOS
2023-06-28 09:47:38.473 -07:00 [DBG] Endpoint ID: us-west-2:591ee711-2ee1-484d-8cae-d1e18af38353
2023-06-28 09:47:38.473 -07:00 [DBG] Pinpoint endpoint id: us-west-2:591ee711-2ee1-484d-8cae-d1e18af38353
2023-06-28 09:47:38.474 -07:00 [DBG] metrics region already exists in app: us-west-2
2023-06-28 09:47:38.476 -07:00 [DBG] OS: MacOS
2023-06-28 09:47:38.476 -07:00 [DBG] OS: MacOS
2023-06-28 09:47:38.476 -07:00 [DBG] metrics region already exists in app: us-west-2
2023-06-28 09:47:38.582 -07:00 [DBG] CloudWatch response received
2023-06-28 09:47:38.582 -07:00 [DBG] CloudWatch response status code: OK
2023-06-28 09:47:38.582 -07:00 [DBG] successfully put metrics to cloudwatch
2023-06-28 09:47:38.582 -07:00 [DBG] Deleting successfully sent batch of metric events
2023-06-28 09:47:38.587 -07:00 [DBG] Checking if table MetricsTable is empty
2023-06-28 09:47:38.587 -07:00 [DBG] is empty: False
2023-06-28 09:47:38.588 -07:00 [DBG] Metrics event batch successfully created, sending metrics
2023-06-28 09:47:38.588 -07:00 [DBG] metrics region already exists in app: us-west-2
2023-06-28 09:47:38.588 -07:00 [DBG] Sending metrics batch async
2023-06-28 09:47:38.588 -07:00 [DBG] OS: MacOS
2023-06-28 09:47:38.588 -07:00 [DBG] OS: MacOS
2023-06-28 09:47:38.588 -07:00 [DBG] Metrics data request created
2023-06-28 09:47:38.602 -07:00 [DBG] 6/28/2023 9:47:38 AM Accepted
2023-06-28 09:47:38.602 -07:00 [DBG] successfully put analytics to pinpoint
2023-06-28 09:47:38.602 -07:00 [DBG] Events batch was accepted. Checking individual events for accepted status.
2023-06-28 09:47:38.607 -07:00 [DBG] Checking if table AnalyticsTable is empty
2023-06-28 09:47:38.607 -07:00 [DBG] is empty: True
2023-06-28 09:47:38.607 -07:00 [DBG] Finished sending batches of analytics to pinpoint.
2023-06-28 09:47:38.749 -07:00 [DBG] CloudWatch response received
2023-06-28 09:47:38.749 -07:00 [DBG] CloudWatch response status code: OK
2023-06-28 09:47:38.749 -07:00 [DBG] successfully put metrics to cloudwatch
2023-06-28 09:47:38.749 -07:00 [DBG] Deleting successfully sent batch of metric events
2023-06-28 09:47:38.752 -07:00 [DBG] Checking if table MetricsTable is empty
2023-06-28 09:47:38.752 -07:00 [DBG] is empty: True
2023-06-28 09:47:38.752 -07:00 [DBG] Finished sending batches of metrics to cloudwatch.
2023-06-28 09:47:47.170 -07:00 [DBG] Clean up connections. Connection state: Connecting
2023-06-28 09:47:47.200 -07:00 [INF] Validating schema for OpenVPN config: /Users/wadhwlr/.config/AWSVPNClient/OpenVpnConfigs/dev
2023-06-28 09:47:47.235 -07:00 [DBG] Inserted event CONNECTION_PROFILE_TYPE 1 to AnalyticsTable
2023-06-28 09:47:48.193 -07:00 [DBG] Caught exception when getting connection status. Exception information: System.TimeoutException: The message did not respond within the expected timeframe or was cancelled
  at ACVC.Core.OpenVpn.OvpnConnectionManager.SendMessage (System.String message, System.Int32 timeout, System.Threading.CancellationToken cancellationToken) [0x001ca] in <839fd5ab8f4b4389aa33b3f9b2f7dcd1>:0 
  at ACVC.Core.OpenVpn.OvpnConnectionManager.GetConnectionStatus () [0x0007c] in <839fd5ab8f4b4389aa33b3f9b2f7dcd1>:0 
  at ACVC.Core.Metrics.MetricsClient.RecordBytesMetricsAndAnalytics (ACVC.Core.IConnectionManager connectionManager) [0x00077] in <839fd5ab8f4b4389aa33b3f9b2f7dcd1>:0 
2023-06-28 09:47:48.196 -07:00 [DBG] Stopping DNS monitoring thread
2023-06-28 09:47:48.196 -07:00 [DBG] Releasing DNS monitoring lock
2023-06-28 09:47:48.200 -07:00 [DBG] Inserted event UI_APP_VPN_CONNECT_GENERAL_ERROR 0 to MetricsTable
2023-06-28 09:47:48.203 -07:00 [INF] Terminating connection
2023-06-28 09:47:48.203 -07:00 [WRN] Acs did not stop correctly!
2023-06-28 09:47:48.203 -07:00 [DBG] 🏞 Ending connection details reporting.
2023-06-28 09:47:48.204 -07:00 [WRN] We are calling GracefulKill in a method that is not supposed to change Connection state.
2023-06-28 09:47:48.205 -07:00 [DBG] GracefulKill
2023-06-28 09:47:48.209 -07:00 [DBG] Cancelling socket listen token
2023-06-28 09:47:48.209 -07:00 [DBG] Dispose socket
2023-06-28 09:47:48.209 -07:00 [DBG] Signal process kill with helper tool.
2023-06-28 09:47:48.210 -07:00 [DBG] Starting process
2023-06-28 09:47:48.266 -07:00 [DBG] Start to read process output
2023-06-28 09:47:48.333 -07:00 [DBG] End reading process output
2023-06-28 09:47:48.367 -07:00 [DBG] Helper app --kill output: Kill success.
2023-06-28 09:47:48.367 -07:00 [DBG] Release process manager start lock
2023-06-28 09:47:48.368 -07:00 [DBG] Release process manager stop lock
2023-06-28 09:47:48.369 -07:00 [DBG] Disconnected
2023-06-28 09:47:48.369 -07:00 [DBG] Stopping DNS monitoring thread
2023-06-28 09:47:48.369 -07:00 [DBG] Releasing DNS monitoring lock
2023-06-28 09:47:48.373 -07:00 [DBG] Inserted event UI_APP_VPN_CONNECT_GENERAL_ERROR 0 to MetricsTable
2023-06-28 09:47:51.035 -07:00 [DBG] Inserted event CLICK_TRAY_ICON 1 to AnalyticsTable
2023-06-28 09:48:47.562 -07:00 [INF] Adding profile with name: dev (again), OpenVPN config file: /Users/wadhwlr/Documents/AWS VPN Profiles/clientvpn-dev (3).ovpn
2023-06-28 09:48:47.567 -07:00 [INF] Validating OpenVPN config /Users/wadhwlr/Documents/AWS VPN Profiles/clientvpn-dev (3).ovpn
2023-06-28 09:48:47.569 -07:00 [INF] File size of /Users/wadhwlr/Documents/AWS VPN Profiles/clientvpn-dev (3).ovpn: 4909 bytes
2023-06-28 09:48:47.569 -07:00 [INF] Validating schema for OpenVPN config: /Users/wadhwlr/Documents/AWS VPN Profiles/clientvpn-dev (3).ovpn
2023-06-28 09:48:47.594 -07:00 [INF] Copying OpenVPN config to application local with name: dev (again), from source: /Users/wadhwlr/.config/AWSVPNClient/OpenVpnConfigs/OvpnTempConfig
2023-06-28 09:48:47.614 -07:00 [INF] For OpenVPN config: /Users/wadhwlr/Documents/AWS VPN Profiles/clientvpn-dev (3).ovpn, CvpnEndpointId: cvpn-endpoint-0b3552b986c9c4195, CvpnEndpointRegion: us-west-2
2023-06-28 09:48:47.619 -07:00 [INF] Saving profile store to /Users/wadhwlr/.config/AWSVPNClient/ConnectionProfiles
2023-06-28 09:48:47.630 -07:00 [DBG] Inserted event PROFILE_ADDED 1 to AnalyticsTable
2023-06-28 09:48:47.632 -07:00 [DBG] Inserted event PROFILE_CREATE_ERROR 0 to MetricsTable
2023-06-28 09:48:52.179 -07:00 [INF] Saving profile store to /Users/wadhwlr/.config/AWSVPNClient/ConnectionProfiles
2023-06-28 09:48:53.539 -07:00 [INF] Saving profile store to /Users/wadhwlr/.config/AWSVPNClient/ConnectionProfiles
2023-06-28 09:48:53.547 -07:00 [DBG] Inserted event CLICK_APP_CONNECT 1 to AnalyticsTable
2023-06-28 09:48:53.548 -07:00 [INF] Connecting /Users/wadhwlr/.config/AWSVPNClient/OpenVpnConfigs/dev (again) 
2023-06-28 09:48:53.549 -07:00 [DBG] validationString: /Users/wadhwlr/.config/AWSVPNClient/OpenVpnConfigs/dev (again)
1687970943
2023-06-28 09:48:53.572 -07:00 [DBG] Inserted event UI_APP_VPN_CONNECT_ATTEMPT 1 to AnalyticsTable
2023-06-28 09:48:53.572 -07:00 [DBG] Shutting down metrics agent
2023-06-28 09:48:53.574 -07:00 [DBG] Metrics agent shut down
2023-06-28 09:48:53.576 -07:00 [DBG] Inserted event UI_APP_VPN_CONNECT_GENERAL_ERROR 0 to MetricsTable
2023-06-28 09:48:53.792 -07:00 [INF] Starting OpenVpn process
2023-06-28 09:48:53.792 -07:00 [DBG] Starting process
2023-06-28 09:48:53.878 -07:00 [DBG] Start to read process output
2023-06-28 09:48:54.034 -07:00 [DBG] End reading process output
2023-06-28 09:48:54.081 -07:00 [DBG] Helper app --init output: Kill success.
2023-06-28 09:48:54.081 -07:00 [DBG] Connecting using command /Applications/AWS VPN Client/AWS VPN Client.app/Contents/Resources/AWS VPN Client/Contents/MacOS/ACVCHelperTool --start
2023-06-28 09:48:54.081 -07:00 [DBG] Starting process
2023-06-28 09:48:54.105 -07:00 [DBG] Start to read process output
2023-06-28 09:48:54.170 -07:00 [DBG] End reading process output
2023-06-28 09:48:54.206 -07:00 [DBG] Helper app --start output: validation failed
2023-06-28 09:48:54.207 -07:00 [DBG] DeDupeProcessDiedSignals: The client failed to connect.
2023-06-28 09:48:54.207 -07:00 [WRN] Acs did not stop correctly!
2023-06-28 09:48:54.207 -07:00 [ERR] Process died signal sent
ACVC.Core.OpenVpn.OvpnProcessFailedToStartException: The client failed to connect.
  at ACVC.Core.OpenVpn.OvpnOsxProcessManager.Start (System.String openVpnConfigPath, System.String managementPortPasswordFile, System.Int32 timeoutMilliseconds) [0x00346] in <839fd5ab8f4b4389aa33b3f9b2f7dcd1>:0 
  at ACVC.Core.OpenVpn.OvpnConnectionManager.Connect (ACVC.Core.Metadata.OvpnConnectionProfile configProfile, ACVC.Core.GetCredentialsCallback getCredentialsCallback, System.Int32 timeout) [0x0020f] in <839fd5ab8f4b4389aa33b3f9b2f7dcd1>:0 
2023-06-28 09:48:54.208 -07:00 [DBG] Stopping DNS monitoring thread
2023-06-28 09:48:54.208 -07:00 [DBG] Releasing DNS monitoring lock
2023-06-28 09:48:54.208 -07:00 [DBG] Sending Metrics batches
2023-06-28 09:48:54.208 -07:00 [DBG] Metric agent started
2023-06-28 09:48:54.208 -07:00 [DBG] Received exception for connection state Disconnected. Show error message to user
2023-06-28 09:48:54.208 -07:00 [ERR] Exception recieved by connection view controller
ACVC.Core.OpenVpn.OvpnProcessDiedException: The VPN process has stopped unexpectedly.
2023-06-28 09:48:54.213 -07:00 [DBG] Checking if table MetricsTable is empty
2023-06-28 09:48:54.215 -07:00 [DBG] Inserted event UI_APP_VPN_CONNECT_GENERAL_ERROR 1 to MetricsTable
2023-06-28 09:48:54.217 -07:00 [DBG] Inserted event UI_APP_VPN_CONNECT_GENERAL_ERROR 1 to AnalyticsTable
2023-06-28 09:48:54.226 -07:00 [DBG] Inserted event UI_APP_VPN_CONNECT_ATTEMPT_FAIL_VPN_PROCESS_DIED 1 to MetricsTable
2023-06-28 09:48:54.229 -07:00 [DBG] Inserted event UI_APP_VPN_CONNECT_ATTEMPT_FAIL_VPN_PROCESS_DIED 1 to AnalyticsTable
2023-06-28 09:48:54.241 -07:00 [DBG] is empty: False
2023-06-28 09:48:54.242 -07:00 [DBG] Metrics event batch successfully created, sending metrics
2023-06-28 09:48:54.242 -07:00 [DBG] metrics region already exists in app: us-west-2
2023-06-28 09:48:54.242 -07:00 [DBG] Sending metrics batch async
2023-06-28 09:48:54.242 -07:00 [DBG] OS: MacOS
2023-06-28 09:48:54.242 -07:00 [DBG] OS: MacOS
2023-06-28 09:48:54.242 -07:00 [DBG] OS: MacOS
2023-06-28 09:48:54.242 -07:00 [DBG] OS: MacOS
2023-06-28 09:48:54.242 -07:00 [DBG] OS: MacOS
2023-06-28 09:48:54.242 -07:00 [DBG] OS: MacOS
2023-06-28 09:48:54.242 -07:00 [DBG] Metrics data request created
2023-06-28 09:48:54.245 -07:00 [DBG] Sending Analytics Batches
2023-06-28 09:48:54.248 -07:00 [DBG] Checking if table AnalyticsTable is empty
2023-06-28 09:48:54.249 -07:00 [DBG] is empty: False
2023-06-28 09:48:54.250 -07:00 [DBG] Analytics event batch successfully created, sending analytics
2023-06-28 09:48:54.250 -07:00 [DBG] Sending analytics batch async
2023-06-28 09:48:54.250 -07:00 [DBG] metrics region already exists in app: us-west-2
2023-06-28 09:48:54.250 -07:00 [DBG] Pinpoint endpoint ID already exists
2023-06-28 09:48:54.250 -07:00 [DBG] OSVersion: Unix 21.6.0.0
2023-06-28 09:48:54.250 -07:00 [DBG] OS: MacOS
2023-06-28 09:48:54.250 -07:00 [DBG] Endpoint ID: us-west-2:591ee711-2ee1-484d-8cae-d1e18af38353
2023-06-28 09:48:54.250 -07:00 [DBG] Pinpoint endpoint id: us-west-2:591ee711-2ee1-484d-8cae-d1e18af38353
2023-06-28 09:48:54.250 -07:00 [DBG] metrics region already exists in app: us-west-2
2023-06-28 09:48:54.250 -07:00 [DBG] OS: MacOS
2023-06-28 09:48:54.251 -07:00 [DBG] OS: MacOS
2023-06-28 09:48:54.251 -07:00 [DBG] OS: MacOS
2023-06-28 09:48:54.251 -07:00 [DBG] metrics region already exists in app: us-west-2
2023-06-28 09:48:54.355 -07:00 [DBG] 6/28/2023 9:48:54 AM Accepted
2023-06-28 09:48:54.355 -07:00 [DBG] successfully put analytics to pinpoint
2023-06-28 09:48:54.355 -07:00 [DBG] Events batch was accepted. Checking individual events for accepted status.
2023-06-28 09:48:54.358 -07:00 [DBG] Checking if table AnalyticsTable is empty
2023-06-28 09:48:54.358 -07:00 [DBG] is empty: True
2023-06-28 09:48:54.358 -07:00 [DBG] Finished sending batches of analytics to pinpoint.
2023-06-28 09:48:54.434 -07:00 [DBG] CloudWatch response received
2023-06-28 09:48:54.434 -07:00 [DBG] CloudWatch response status code: OK
2023-06-28 09:48:54.434 -07:00 [DBG] successfully put metrics to cloudwatch
2023-06-28 09:48:54.434 -07:00 [DBG] Deleting successfully sent batch of metric events
2023-06-28 09:48:54.444 -07:00 [DBG] Checking if table MetricsTable is empty
2023-06-28 09:48:54.444 -07:00 [DBG] is empty: True
2023-06-28 09:48:54.444 -07:00 [DBG] Finished sending batches of metrics to cloudwatch.
2023-06-28 09:48:57.972 -07:00 [DBG] Clean up connections. Connection state: Connecting
2023-06-28 09:48:57.973 -07:00 [INF] Validating schema for OpenVPN config: /Users/wadhwlr/.config/AWSVPNClient/OpenVpnConfigs/dev (again)
2023-06-28 09:48:57.984 -07:00 [DBG] Inserted event CONNECTION_PROFILE_TYPE 1 to AnalyticsTable
2023-06-28 09:48:58.975 -07:00 [DBG] Caught exception when getting connection status. Exception information: System.TimeoutException: The message did not respond within the expected timeframe or was cancelled
  at ACVC.Core.OpenVpn.OvpnConnectionManager.SendMessage (System.String message, System.Int32 timeout, System.Threading.CancellationToken cancellationToken) [0x001ca] in <839fd5ab8f4b4389aa33b3f9b2f7dcd1>:0 
  at ACVC.Core.OpenVpn.OvpnConnectionManager.GetConnectionStatus () [0x0007c] in <839fd5ab8f4b4389aa33b3f9b2f7dcd1>:0 
  at ACVC.Core.Metrics.MetricsClient.RecordBytesMetricsAndAnalytics (ACVC.Core.IConnectionManager connectionManager) [0x00077] in <839fd5ab8f4b4389aa33b3f9b2f7dcd1>:0 
2023-06-28 09:48:58.976 -07:00 [DBG] Stopping DNS monitoring thread
2023-06-28 09:48:58.976 -07:00 [DBG] Releasing DNS monitoring lock
2023-06-28 09:48:58.979 -07:00 [DBG] Inserted event UI_APP_VPN_CONNECT_GENERAL_ERROR 0 to MetricsTable
2023-06-28 09:48:58.979 -07:00 [INF] Terminating connection
2023-06-28 09:48:58.979 -07:00 [WRN] Acs did not stop correctly!
2023-06-28 09:48:58.979 -07:00 [DBG] 🏞 Ending connection details reporting.
2023-06-28 09:48:58.979 -07:00 [WRN] We are calling GracefulKill in a method that is not supposed to change Connection state.
2023-06-28 09:48:58.979 -07:00 [DBG] GracefulKill
2023-06-28 09:48:58.980 -07:00 [DBG] Cancelling socket listen token
2023-06-28 09:48:58.980 -07:00 [DBG] Dispose socket
2023-06-28 09:48:58.980 -07:00 [DBG] Signal process kill with helper tool.
2023-06-28 09:48:58.980 -07:00 [DBG] Starting process
2023-06-28 09:48:59.043 -07:00 [DBG] Start to read process output
2023-06-28 09:48:59.097 -07:00 [DBG] End reading process output
2023-06-28 09:48:59.145 -07:00 [DBG] Helper app --kill output: Kill success.
2023-06-28 09:48:59.145 -07:00 [DBG] Release process manager start lock
2023-06-28 09:48:59.145 -07:00 [DBG] Release process manager stop lock
2023-06-28 09:48:59.145 -07:00 [DBG] Disconnected
2023-06-28 09:48:59.145 -07:00 [DBG] Stopping DNS monitoring thread
2023-06-28 09:48:59.145 -07:00 [DBG] Releasing DNS monitoring lock
2023-06-28 09:48:59.168 -07:00 [DBG] Inserted event UI_APP_VPN_CONNECT_GENERAL_ERROR 0 to MetricsTable
2023-06-28 09:51:49.518 -07:00 [DBG] Inserted event CLICK_TRAY_ICON 1 to AnalyticsTable
2023-06-28 09:52:10.659 -07:00 [INF] Removing profile: dev
2023-06-28 09:52:10.661 -07:00 [INF] Deleting OpenVPN config from application local with name: dev
2023-06-28 09:52:10.679 -07:00 [INF] Saving profile store to /Users/wadhwlr/.config/AWSVPNClient/ConnectionProfiles
2023-06-28 09:52:10.684 -07:00 [DBG] Inserted event PROFILE_DELETED 1 to AnalyticsTable
2023-06-28 09:52:10.686 -07:00 [DBG] Inserted event PROFILE_DELETE_ERROR 0 to MetricsTable
2023-06-28 09:52:19.695 -07:00 [INF] Adding profile with name: dev, OpenVPN config file: /Users/wadhwlr/Documents/AWS VPN Profiles/dev.ovpn
2023-06-28 09:52:19.697 -07:00 [INF] Validating OpenVPN config /Users/wadhwlr/Documents/AWS VPN Profiles/dev.ovpn
2023-06-28 09:52:19.697 -07:00 [INF] File size of /Users/wadhwlr/Documents/AWS VPN Profiles/dev.ovpn: 4909 bytes
2023-06-28 09:52:19.697 -07:00 [INF] Validating schema for OpenVPN config: /Users/wadhwlr/Documents/AWS VPN Profiles/dev.ovpn
2023-06-28 09:52:19.711 -07:00 [INF] Copying OpenVPN config to application local with name: dev, from source: /Users/wadhwlr/.config/AWSVPNClient/OpenVpnConfigs/OvpnTempConfig
2023-06-28 09:52:19.716 -07:00 [INF] For OpenVPN config: /Users/wadhwlr/Documents/AWS VPN Profiles/dev.ovpn, CvpnEndpointId: cvpn-endpoint-0b3552b986c9c4195, CvpnEndpointRegion: us-west-2
2023-06-28 09:52:19.716 -07:00 [INF] Saving profile store to /Users/wadhwlr/.config/AWSVPNClient/ConnectionProfiles
2023-06-28 09:52:19.719 -07:00 [DBG] Inserted event PROFILE_ADDED 1 to AnalyticsTable
2023-06-28 09:52:19.733 -07:00 [DBG] Inserted event PROFILE_CREATE_ERROR 0 to MetricsTable
2023-06-28 09:52:24.283 -07:00 [INF] Saving profile store to /Users/wadhwlr/.config/AWSVPNClient/ConnectionProfiles
2023-06-28 09:52:24.813 -07:00 [INF] Saving profile store to /Users/wadhwlr/.config/AWSVPNClient/ConnectionProfiles
2023-06-28 09:52:24.818 -07:00 [DBG] Inserted event CLICK_APP_CONNECT 1 to AnalyticsTable
2023-06-28 09:52:24.818 -07:00 [INF] Connecting /Users/wadhwlr/.config/AWSVPNClient/OpenVpnConfigs/dev 
2023-06-28 09:52:24.819 -07:00 [DBG] validationString: /Users/wadhwlr/.config/AWSVPNClient/OpenVpnConfigs/dev
1687971154
2023-06-28 09:52:24.831 -07:00 [DBG] Inserted event UI_APP_VPN_CONNECT_ATTEMPT 1 to AnalyticsTable
2023-06-28 09:52:24.831 -07:00 [DBG] Shutting down metrics agent
2023-06-28 09:52:24.831 -07:00 [DBG] Metrics agent shut down
2023-06-28 09:52:24.842 -07:00 [DBG] Inserted event UI_APP_VPN_CONNECT_GENERAL_ERROR 0 to MetricsTable
2023-06-28 09:52:25.151 -07:00 [INF] Starting OpenVpn process
2023-06-28 09:52:25.152 -07:00 [DBG] Starting process
2023-06-28 09:52:25.262 -07:00 [DBG] Start to read process output
2023-06-28 09:52:25.444 -07:00 [DBG] End reading process output
2023-06-28 09:52:25.464 -07:00 [DBG] Helper app --init output: Kill success.
2023-06-28 09:52:25.464 -07:00 [DBG] Connecting using command /Applications/AWS VPN Client/AWS VPN Client.app/Contents/Resources/AWS VPN Client/Contents/MacOS/ACVCHelperTool --start
2023-06-28 09:52:25.464 -07:00 [DBG] Starting process
2023-06-28 09:52:25.488 -07:00 [DBG] Start to read process output
2023-06-28 09:52:25.549 -07:00 [DBG] End reading process output
2023-06-28 09:52:25.589 -07:00 [DBG] Helper app --start output: validation failed
2023-06-28 09:52:25.589 -07:00 [DBG] DeDupeProcessDiedSignals: The client failed to connect.
2023-06-28 09:52:25.590 -07:00 [WRN] Acs did not stop correctly!
2023-06-28 09:52:25.590 -07:00 [ERR] Process died signal sent
ACVC.Core.OpenVpn.OvpnProcessFailedToStartException: The client failed to connect.
  at ACVC.Core.OpenVpn.OvpnOsxProcessManager.Start (System.String openVpnConfigPath, System.String managementPortPasswordFile, System.Int32 timeoutMilliseconds) [0x00346] in <839fd5ab8f4b4389aa33b3f9b2f7dcd1>:0 
  at ACVC.Core.OpenVpn.OvpnConnectionManager.Connect (ACVC.Core.Metadata.OvpnConnectionProfile configProfile, ACVC.Core.GetCredentialsCallback getCredentialsCallback, System.Int32 timeout) [0x0020f] in <839fd5ab8f4b4389aa33b3f9b2f7dcd1>:0 
2023-06-28 09:52:25.590 -07:00 [DBG] Stopping DNS monitoring thread
2023-06-28 09:52:25.590 -07:00 [DBG] Releasing DNS monitoring lock
2023-06-28 09:52:25.591 -07:00 [DBG] Metric agent started
2023-06-28 09:52:25.591 -07:00 [DBG] Sending Metrics batches
2023-06-28 09:52:25.591 -07:00 [DBG] Received exception for connection state Disconnected. Show error message to user
2023-06-28 09:52:25.591 -07:00 [ERR] Exception recieved by connection view controller
ACVC.Core.OpenVpn.OvpnProcessDiedException: The VPN process has stopped unexpectedly.
2023-06-28 09:52:25.594 -07:00 [DBG] Checking if table MetricsTable is empty
2023-06-28 09:52:25.594 -07:00 [DBG] is empty: False
2023-06-28 09:52:25.603 -07:00 [DBG] Inserted event UI_APP_VPN_CONNECT_GENERAL_ERROR 1 to MetricsTable
2023-06-28 09:52:25.611 -07:00 [DBG] Inserted event UI_APP_VPN_CONNECT_GENERAL_ERROR 1 to AnalyticsTable
2023-06-28 09:52:25.621 -07:00 [DBG] Inserted event UI_APP_VPN_CONNECT_ATTEMPT_FAIL_VPN_PROCESS_DIED 1 to MetricsTable
2023-06-28 09:52:25.622 -07:00 [DBG] Inserted event UI_APP_VPN_CONNECT_ATTEMPT_FAIL_VPN_PROCESS_DIED 1 to AnalyticsTable
2023-06-28 09:52:25.651 -07:00 [DBG] Metrics event batch successfully created, sending metrics
2023-06-28 09:52:25.651 -07:00 [DBG] metrics region already exists in app: us-west-2
2023-06-28 09:52:25.651 -07:00 [DBG] Sending metrics batch async
2023-06-28 09:52:25.651 -07:00 [DBG] OS: MacOS
2023-06-28 09:52:25.651 -07:00 [DBG] OS: MacOS
2023-06-28 09:52:25.651 -07:00 [DBG] OS: MacOS
2023-06-28 09:52:25.651 -07:00 [DBG] OS: MacOS
2023-06-28 09:52:25.651 -07:00 [DBG] OS: MacOS
2023-06-28 09:52:25.651 -07:00 [DBG] OS: MacOS
2023-06-28 09:52:25.651 -07:00 [DBG] OS: MacOS
2023-06-28 09:52:25.651 -07:00 [DBG] Metrics data request created
2023-06-28 09:52:25.654 -07:00 [DBG] Sending Analytics Batches
2023-06-28 09:52:25.655 -07:00 [DBG] Checking if table AnalyticsTable is empty
2023-06-28 09:52:25.655 -07:00 [DBG] is empty: False
2023-06-28 09:52:25.656 -07:00 [DBG] Analytics event batch successfully created, sending analytics
2023-06-28 09:52:25.656 -07:00 [DBG] Sending analytics batch async
2023-06-28 09:52:25.656 -07:00 [DBG] metrics region already exists in app: us-west-2
2023-06-28 09:52:25.656 -07:00 [DBG] Pinpoint endpoint ID already exists
2023-06-28 09:52:25.656 -07:00 [DBG] OSVersion: Unix 21.6.0.0
2023-06-28 09:52:25.656 -07:00 [DBG] OS: MacOS
2023-06-28 09:52:25.656 -07:00 [DBG] Endpoint ID: us-west-2:591ee711-2ee1-484d-8cae-d1e18af38353
2023-06-28 09:52:25.656 -07:00 [DBG] Pinpoint endpoint id: us-west-2:591ee711-2ee1-484d-8cae-d1e18af38353
2023-06-28 09:52:25.656 -07:00 [DBG] metrics region already exists in app: us-west-2
2023-06-28 09:52:25.656 -07:00 [DBG] OS: MacOS
2023-06-28 09:52:25.657 -07:00 [DBG] OS: MacOS
2023-06-28 09:52:25.657 -07:00 [DBG] OS: MacOS
2023-06-28 09:52:25.657 -07:00 [DBG] metrics region already exists in app: us-west-2
2023-06-28 09:52:25.824 -07:00 [DBG] CloudWatch response received
2023-06-28 09:52:25.824 -07:00 [DBG] CloudWatch response status code: OK
2023-06-28 09:52:25.824 -07:00 [DBG] successfully put metrics to cloudwatch
2023-06-28 09:52:25.824 -07:00 [DBG] Deleting successfully sent batch of metric events
2023-06-28 09:52:25.828 -07:00 [DBG] Checking if table MetricsTable is empty
2023-06-28 09:52:25.828 -07:00 [DBG] is empty: True
2023-06-28 09:52:25.828 -07:00 [DBG] Finished sending batches of metrics to cloudwatch.
2023-06-28 09:52:25.840 -07:00 [DBG] 6/28/2023 9:52:25 AM Accepted
2023-06-28 09:52:25.840 -07:00 [DBG] successfully put analytics to pinpoint
2023-06-28 09:52:25.840 -07:00 [DBG] Events batch was accepted. Checking individual events for accepted status.
2023-06-28 09:52:25.849 -07:00 [DBG] Checking if table AnalyticsTable is empty
2023-06-28 09:52:25.849 -07:00 [DBG] is empty: True
2023-06-28 09:52:25.849 -07:00 [DBG] Finished sending batches of analytics to pinpoint.
2023-06-28 09:52:26.722 -07:00 [DBG] Clean up connections. Connection state: Connecting
2023-06-28 09:52:26.723 -07:00 [INF] Validating schema for OpenVPN config: /Users/wadhwlr/.config/AWSVPNClient/OpenVpnConfigs/dev
2023-06-28 09:52:26.734 -07:00 [DBG] Inserted event CONNECTION_PROFILE_TYPE 1 to AnalyticsTable
2023-06-28 09:52:27.726 -07:00 [DBG] Caught exception when getting connection status. Exception information: System.TimeoutException: The message did not respond within the expected timeframe or was cancelled
  at ACVC.Core.OpenVpn.OvpnConnectionManager.SendMessage (System.String message, System.Int32 timeout, System.Threading.CancellationToken cancellationToken) [0x001ca] in <839fd5ab8f4b4389aa33b3f9b2f7dcd1>:0 
  at ACVC.Core.OpenVpn.OvpnConnectionManager.GetConnectionStatus () [0x0007c] in <839fd5ab8f4b4389aa33b3f9b2f7dcd1>:0 
  at ACVC.Core.Metrics.MetricsClient.RecordBytesMetricsAndAnalytics (ACVC.Core.IConnectionManager connectionManager) [0x00077] in <839fd5ab8f4b4389aa33b3f9b2f7dcd1>:0 
2023-06-28 09:52:27.726 -07:00 [DBG] Stopping DNS monitoring thread
2023-06-28 09:52:27.726 -07:00 [DBG] Releasing DNS monitoring lock
2023-06-28 09:52:27.733 -07:00 [DBG] Inserted event UI_APP_VPN_CONNECT_GENERAL_ERROR 0 to MetricsTable
2023-06-28 09:52:27.733 -07:00 [INF] Terminating connection
2023-06-28 09:52:27.733 -07:00 [WRN] Acs did not stop correctly!
2023-06-28 09:52:27.733 -07:00 [DBG] 🏞 Ending connection details reporting.
2023-06-28 09:52:27.734 -07:00 [WRN] We are calling GracefulKill in a method that is not supposed to change Connection state.
2023-06-28 09:52:27.734 -07:00 [DBG] GracefulKill
2023-06-28 09:52:27.734 -07:00 [DBG] Cancelling socket listen token
2023-06-28 09:52:27.734 -07:00 [DBG] Dispose socket
2023-06-28 09:52:27.734 -07:00 [DBG] Signal process kill with helper tool.
2023-06-28 09:52:27.734 -07:00 [DBG] Starting process
2023-06-28 09:52:27.799 -07:00 [DBG] Start to read process output
2023-06-28 09:52:27.851 -07:00 [DBG] End reading process output
2023-06-28 09:52:27.900 -07:00 [DBG] Helper app --kill output: Kill success.
2023-06-28 09:52:27.900 -07:00 [DBG] Release process manager start lock
2023-06-28 09:52:27.901 -07:00 [DBG] Release process manager stop lock
2023-06-28 09:52:27.901 -07:00 [DBG] Disconnected
2023-06-28 09:52:27.901 -07:00 [DBG] Stopping DNS monitoring thread
2023-06-28 09:52:27.901 -07:00 [DBG] Releasing DNS monitoring lock
2023-06-28 09:52:27.913 -07:00 [DBG] Inserted event UI_APP_VPN_CONNECT_GENERAL_ERROR 0 to MetricsTable
2023-06-28 09:54:38.982 -07:00 [DBG] Inserted event CLICK_TRAY_ICON 1 to AnalyticsTable
2023-06-28 09:54:41.500 -07:00 [INF] Removing profile: dev (again)
2023-06-28 09:54:41.501 -07:00 [INF] Deleting OpenVPN config from application local with name: dev (again)
2023-06-28 09:54:41.504 -07:00 [INF] Saving profile store to /Users/wadhwlr/.config/AWSVPNClient/ConnectionProfiles
2023-06-28 09:54:41.514 -07:00 [DBG] Inserted event PROFILE_DELETED 1 to AnalyticsTable
2023-06-28 09:54:41.516 -07:00 [DBG] Inserted event PROFILE_DELETE_ERROR 0 to MetricsTable
2023-06-28 09:54:42.891 -07:00 [INF] Removing profile: dev
2023-06-28 09:54:42.892 -07:00 [INF] Deleting OpenVPN config from application local with name: dev
2023-06-28 09:54:42.899 -07:00 [INF] Saving profile store to /Users/wadhwlr/.config/AWSVPNClient/ConnectionProfiles
2023-06-28 09:54:42.911 -07:00 [DBG] Inserted event PROFILE_DELETED 1 to AnalyticsTable
2023-06-28 09:54:42.913 -07:00 [DBG] Inserted event PROFILE_DELETE_ERROR 0 to MetricsTable
2023-06-28 09:55:04.787 -07:00 [INF] Adding profile with name: dev, OpenVPN config file: /Users/wadhwlr/.config/aws-vpn-profiles/dev.ovpn
2023-06-28 09:55:04.789 -07:00 [INF] Validating OpenVPN config /Users/wadhwlr/.config/aws-vpn-profiles/dev.ovpn
2023-06-28 09:55:04.789 -07:00 [INF] File size of /Users/wadhwlr/.config/aws-vpn-profiles/dev.ovpn: 4909 bytes
2023-06-28 09:55:04.789 -07:00 [INF] Validating schema for OpenVPN config: /Users/wadhwlr/.config/aws-vpn-profiles/dev.ovpn
2023-06-28 09:55:04.803 -07:00 [INF] Copying OpenVPN config to application local with name: dev, from source: /Users/wadhwlr/.config/AWSVPNClient/OpenVpnConfigs/OvpnTempConfig
2023-06-28 09:55:04.811 -07:00 [INF] For OpenVPN config: /Users/wadhwlr/.config/aws-vpn-profiles/dev.ovpn, CvpnEndpointId: cvpn-endpoint-0b3552b986c9c4195, CvpnEndpointRegion: us-west-2
2023-06-28 09:55:04.811 -07:00 [INF] Saving profile store to /Users/wadhwlr/.config/AWSVPNClient/ConnectionProfiles
2023-06-28 09:55:04.821 -07:00 [DBG] Inserted event PROFILE_ADDED 1 to AnalyticsTable
2023-06-28 09:55:04.823 -07:00 [DBG] Inserted event PROFILE_CREATE_ERROR 0 to MetricsTable
2023-06-28 09:55:06.760 -07:00 [INF] Saving profile store to /Users/wadhwlr/.config/AWSVPNClient/ConnectionProfiles
2023-06-28 09:55:06.765 -07:00 [DBG] Inserted event CLICK_APP_CONNECT 1 to AnalyticsTable
2023-06-28 09:55:06.765 -07:00 [INF] Connecting /Users/wadhwlr/.config/AWSVPNClient/OpenVpnConfigs/dev 
2023-06-28 09:55:06.766 -07:00 [DBG] validationString: /Users/wadhwlr/.config/AWSVPNClient/OpenVpnConfigs/dev
1687971316
2023-06-28 09:55:06.767 -07:00 [DBG] Inserted event UI_APP_VPN_CONNECT_ATTEMPT 1 to AnalyticsTable
2023-06-28 09:55:06.767 -07:00 [DBG] Shutting down metrics agent
2023-06-28 09:55:06.767 -07:00 [DBG] Metrics agent shut down
2023-06-28 09:55:06.777 -07:00 [DBG] Inserted event UI_APP_VPN_CONNECT_GENERAL_ERROR 0 to MetricsTable
2023-06-28 09:55:07.029 -07:00 [INF] Starting OpenVpn process
2023-06-28 09:55:07.030 -07:00 [DBG] Starting process
2023-06-28 09:55:07.101 -07:00 [DBG] Start to read process output
2023-06-28 09:55:07.264 -07:00 [DBG] End reading process output
2023-06-28 09:55:07.303 -07:00 [DBG] Helper app --init output: Kill success.
2023-06-28 09:55:07.303 -07:00 [DBG] Connecting using command /Applications/AWS VPN Client/AWS VPN Client.app/Contents/Resources/AWS VPN Client/Contents/MacOS/ACVCHelperTool --start
2023-06-28 09:55:07.303 -07:00 [DBG] Starting process
2023-06-28 09:55:07.325 -07:00 [DBG] Start to read process output
2023-06-28 09:55:07.404 -07:00 [DBG] End reading process output
2023-06-28 09:55:07.425 -07:00 [DBG] Helper app --start output: validation failed
2023-06-28 09:55:07.425 -07:00 [DBG] DeDupeProcessDiedSignals: The client failed to connect.
2023-06-28 09:55:07.425 -07:00 [WRN] Acs did not stop correctly!
2023-06-28 09:55:07.425 -07:00 [ERR] Process died signal sent
ACVC.Core.OpenVpn.OvpnProcessFailedToStartException: The client failed to connect.
  at ACVC.Core.OpenVpn.OvpnOsxProcessManager.Start (System.String openVpnConfigPath, System.String managementPortPasswordFile, System.Int32 timeoutMilliseconds) [0x00346] in <839fd5ab8f4b4389aa33b3f9b2f7dcd1>:0 
  at ACVC.Core.OpenVpn.OvpnConnectionManager.Connect (ACVC.Core.Metadata.OvpnConnectionProfile configProfile, ACVC.Core.GetCredentialsCallback getCredentialsCallback, System.Int32 timeout) [0x0020f] in <839fd5ab8f4b4389aa33b3f9b2f7dcd1>:0 
2023-06-28 09:55:07.426 -07:00 [DBG] Stopping DNS monitoring thread
2023-06-28 09:55:07.426 -07:00 [DBG] Releasing DNS monitoring lock
2023-06-28 09:55:07.426 -07:00 [DBG] Metric agent started
2023-06-28 09:55:07.426 -07:00 [DBG] Sending Metrics batches
2023-06-28 09:55:07.427 -07:00 [DBG] Received exception for connection state Disconnected. Show error message to user
2023-06-28 09:55:07.427 -07:00 [ERR] Exception recieved by connection view controller
ACVC.Core.OpenVpn.OvpnProcessDiedException: The VPN process has stopped unexpectedly.
2023-06-28 09:55:07.428 -07:00 [DBG] Checking if table MetricsTable is empty
2023-06-28 09:55:07.429 -07:00 [DBG] is empty: False
2023-06-28 09:55:07.433 -07:00 [DBG] Inserted event UI_APP_VPN_CONNECT_GENERAL_ERROR 1 to MetricsTable
2023-06-28 09:55:07.435 -07:00 [DBG] Inserted event UI_APP_VPN_CONNECT_GENERAL_ERROR 1 to AnalyticsTable
2023-06-28 09:55:07.437 -07:00 [DBG] Inserted event UI_APP_VPN_CONNECT_ATTEMPT_FAIL_VPN_PROCESS_DIED 1 to MetricsTable
2023-06-28 09:55:07.439 -07:00 [DBG] Inserted event UI_APP_VPN_CONNECT_ATTEMPT_FAIL_VPN_PROCESS_DIED 1 to AnalyticsTable
2023-06-28 09:55:07.525 -07:00 [DBG] Metrics event batch successfully created, sending metrics
2023-06-28 09:55:07.525 -07:00 [DBG] metrics region already exists in app: us-west-2
2023-06-28 09:55:07.525 -07:00 [DBG] Sending metrics batch async
2023-06-28 09:55:07.525 -07:00 [DBG] OS: MacOS
2023-06-28 09:55:07.525 -07:00 [DBG] OS: MacOS
2023-06-28 09:55:07.525 -07:00 [DBG] OS: MacOS
2023-06-28 09:55:07.525 -07:00 [DBG] OS: MacOS
2023-06-28 09:55:07.525 -07:00 [DBG] OS: MacOS
2023-06-28 09:55:07.525 -07:00 [DBG] OS: MacOS
2023-06-28 09:55:07.525 -07:00 [DBG] OS: MacOS
2023-06-28 09:55:07.525 -07:00 [DBG] OS: MacOS
2023-06-28 09:55:07.525 -07:00 [DBG] Metrics data request created
2023-06-28 09:55:07.529 -07:00 [DBG] Sending Analytics Batches
2023-06-28 09:55:07.530 -07:00 [DBG] Checking if table AnalyticsTable is empty
2023-06-28 09:55:07.530 -07:00 [DBG] is empty: False
2023-06-28 09:55:07.531 -07:00 [DBG] Analytics event batch successfully created, sending analytics
2023-06-28 09:55:07.531 -07:00 [DBG] Sending analytics batch async
2023-06-28 09:55:07.531 -07:00 [DBG] metrics region already exists in app: us-west-2
2023-06-28 09:55:07.532 -07:00 [DBG] Pinpoint endpoint ID already exists
2023-06-28 09:55:07.532 -07:00 [DBG] OSVersion: Unix 21.6.0.0
2023-06-28 09:55:07.532 -07:00 [DBG] OS: MacOS
2023-06-28 09:55:07.532 -07:00 [DBG] Endpoint ID: us-west-2:591ee711-2ee1-484d-8cae-d1e18af38353
2023-06-28 09:55:07.532 -07:00 [DBG] Pinpoint endpoint id: us-west-2:591ee711-2ee1-484d-8cae-d1e18af38353
2023-06-28 09:55:07.532 -07:00 [DBG] metrics region already exists in app: us-west-2
2023-06-28 09:55:07.532 -07:00 [DBG] OS: MacOS
2023-06-28 09:55:07.532 -07:00 [DBG] OS: MacOS
2023-06-28 09:55:07.532 -07:00 [DBG] OS: MacOS
2023-06-28 09:55:07.532 -07:00 [DBG] metrics region already exists in app: us-west-2
2023-06-28 09:55:07.643 -07:00 [DBG] 6/28/2023 9:55:07 AM Accepted
2023-06-28 09:55:07.643 -07:00 [DBG] successfully put analytics to pinpoint
2023-06-28 09:55:07.644 -07:00 [DBG] Events batch was accepted. Checking individual events for accepted status.
2023-06-28 09:55:07.653 -07:00 [DBG] Checking if table AnalyticsTable is empty
2023-06-28 09:55:07.654 -07:00 [DBG] is empty: True
2023-06-28 09:55:07.654 -07:00 [DBG] Finished sending batches of analytics to pinpoint.
2023-06-28 09:55:07.701 -07:00 [DBG] CloudWatch response received
2023-06-28 09:55:07.701 -07:00 [DBG] CloudWatch response status code: OK
2023-06-28 09:55:07.701 -07:00 [DBG] successfully put metrics to cloudwatch
2023-06-28 09:55:07.701 -07:00 [DBG] Deleting successfully sent batch of metric events
2023-06-28 09:55:07.708 -07:00 [DBG] Checking if table MetricsTable is empty
2023-06-28 09:55:07.708 -07:00 [DBG] is empty: True
2023-06-28 09:55:07.708 -07:00 [DBG] Finished sending batches of metrics to cloudwatch.
2023-06-28 09:55:15.602 -07:00 [DBG] Clean up connections. Connection state: Connecting
2023-06-28 09:55:15.603 -07:00 [INF] Validating schema for OpenVPN config: /Users/wadhwlr/.config/AWSVPNClient/OpenVpnConfigs/dev
2023-06-28 09:55:15.614 -07:00 [DBG] Inserted event CONNECTION_PROFILE_TYPE 1 to AnalyticsTable
2023-06-28 09:55:16.605 -07:00 [DBG] Caught exception when getting connection status. Exception information: System.TimeoutException: The message did not respond within the expected timeframe or was cancelled
  at ACVC.Core.OpenVpn.OvpnConnectionManager.SendMessage (System.String message, System.Int32 timeout, System.Threading.CancellationToken cancellationToken) [0x001ca] in <839fd5ab8f4b4389aa33b3f9b2f7dcd1>:0 
  at ACVC.Core.OpenVpn.OvpnConnectionManager.GetConnectionStatus () [0x0007c] in <839fd5ab8f4b4389aa33b3f9b2f7dcd1>:0 
  at ACVC.Core.Metrics.MetricsClient.RecordBytesMetricsAndAnalytics (ACVC.Core.IConnectionManager connectionManager) [0x00077] in <839fd5ab8f4b4389aa33b3f9b2f7dcd1>:0 
2023-06-28 09:55:16.606 -07:00 [DBG] Stopping DNS monitoring thread
2023-06-28 09:55:16.606 -07:00 [DBG] Releasing DNS monitoring lock
2023-06-28 09:55:16.614 -07:00 [DBG] Inserted event UI_APP_VPN_CONNECT_GENERAL_ERROR 0 to MetricsTable
2023-06-28 09:55:16.615 -07:00 [INF] Terminating connection
2023-06-28 09:55:16.615 -07:00 [WRN] Acs did not stop correctly!
2023-06-28 09:55:16.615 -07:00 [DBG] 🏞 Ending connection details reporting.
2023-06-28 09:55:16.616 -07:00 [WRN] We are calling GracefulKill in a method that is not supposed to change Connection state.
2023-06-28 09:55:16.616 -07:00 [DBG] GracefulKill
2023-06-28 09:55:16.616 -07:00 [DBG] Cancelling socket listen token
2023-06-28 09:55:16.616 -07:00 [DBG] Dispose socket
2023-06-28 09:55:16.616 -07:00 [DBG] Signal process kill with helper tool.
2023-06-28 09:55:16.616 -07:00 [DBG] Starting process
2023-06-28 09:55:16.693 -07:00 [DBG] Start to read process output
2023-06-28 09:55:16.755 -07:00 [DBG] End reading process output
2023-06-28 09:55:16.794 -07:00 [DBG] Helper app --kill output: Kill success.
2023-06-28 09:55:16.794 -07:00 [DBG] Release process manager start lock
2023-06-28 09:55:16.794 -07:00 [DBG] Release process manager stop lock
2023-06-28 09:55:16.794 -07:00 [DBG] Disconnected
2023-06-28 09:55:16.794 -07:00 [DBG] Stopping DNS monitoring thread
2023-06-28 09:55:16.794 -07:00 [DBG] Releasing DNS monitoring lock
2023-06-28 09:55:16.802 -07:00 [DBG] Inserted event UI_APP_VPN_CONNECT_GENERAL_ERROR 0 to MetricsTable
2023-06-28 10:15:49.449 -07:00 [DBG] Inserted event CLICK_TRAY_ICON 1 to AnalyticsTable
2023-06-28 10:15:49.465 -07:00 [DBG] Inserted event CLICK_TRAY_QUIT 1 to AnalyticsTable
2023-06-28 10:15:50.503 -07:00 [DBG] Caught exception when getting connection status. Exception information: System.TimeoutException: The message did not respond within the expected timeframe or was cancelled
  at ACVC.Core.OpenVpn.OvpnConnectionManager.SendMessage (System.String message, System.Int32 timeout, System.Threading.CancellationToken cancellationToken) [0x001ca] in <839fd5ab8f4b4389aa33b3f9b2f7dcd1>:0 
  at ACVC.Core.OpenVpn.OvpnConnectionManager.GetConnectionStatus () [0x0007c] in <839fd5ab8f4b4389aa33b3f9b2f7dcd1>:0 
  at ACVC.Core.Metrics.MetricsClient.RecordBytesMetricsAndAnalytics (ACVC.Core.IConnectionManager connectionManager) [0x00077] in <839fd5ab8f4b4389aa33b3f9b2f7dcd1>:0 
2023-06-28 10:15:50.518 -07:00 [DBG] Stopping DNS monitoring thread
2023-06-28 10:15:50.518 -07:00 [DBG] Releasing DNS monitoring lock
2023-06-28 10:15:50.529 -07:00 [DBG] Inserted event UI_APP_VPN_CONNECT_GENERAL_ERROR 0 to MetricsTable
2023-06-28 10:15:50.531 -07:00 [INF] Terminating connection
2023-06-28 10:15:50.531 -07:00 [WRN] Acs did not stop correctly!
2023-06-28 10:15:50.531 -07:00 [DBG] 🏞 Ending connection details reporting.
2023-06-28 10:15:50.531 -07:00 [WRN] We are calling GracefulKill in a method that is not supposed to change Connection state.
2023-06-28 10:15:50.531 -07:00 [DBG] GracefulKill
2023-06-28 10:15:50.531 -07:00 [DBG] Cancelling socket listen token
2023-06-28 10:15:50.531 -07:00 [DBG] Dispose socket
2023-06-28 10:15:50.531 -07:00 [DBG] Signal process kill with helper tool.
2023-06-28 10:15:50.532 -07:00 [DBG] Starting process
2023-06-28 10:15:50.628 -07:00 [DBG] Start to read process output
2023-06-28 10:15:50.629 -07:00 [DBG] Shutting down metrics agent
2023-06-28 10:15:50.632 -07:00 [DBG] Metrics agent shut down
